--------------- Build Started: 01/29/2020 12:21:42 Project: Firmware_TFG, Configuration: ARM GCC 5.4-2016-q2-update Debug ---------------
cydsfit.exe -.appdatapath "C:\Users\Cosmin\AppData\Local\Cypress Semiconductor\PSoC Creator\4.2" -.fdsnotice -.fdswarpdepfile=warp_dependencies.txt -.fdselabdepfile=elab_dependencies.txt -.fdsbldfile=generated_files.txt -.fdsreffile=referenced_files.txt -p D:\Users\Cosmin\Documents\GitHub\low_powered_BLE_MAmIoT\Firmware_Left_Mux\Firmware_TFG.cydsn\Firmware_TFG.cyprj -d CYBLE-222014-01 -s D:\Users\Cosmin\Documents\GitHub\low_powered_BLE_MAmIoT\Firmware_Left_Mux\Firmware_TFG.cydsn\Generated_Source\PSoC4 -- -yv2 -q10 -ygs -o2 -v3 -.fftcfgtype=LE
Elaborating Design...
ADD: sdb.M0061: information: Info from component: ADC. The actual sample rate (4380 SPS) differs from the desired sample rate (5727 SPS) due to the clock configuration in the DWR.
 * D:\Users\Cosmin\Documents\GitHub\low_powered_BLE_MAmIoT\Firmware_Left_Mux\Firmware_TFG.cydsn\TopDesign\TopDesign.cysch (Instance:ADC)
HDL Generation...
Synthesis...
Tech Mapping...
Analog Placement...
Analog Routing...
Analog Code Generation...
Digital Placement...
Digital Routing...
Bitstream Generation...
Bitstream Verification...
Static timing analysis...
API Generation...
Dependency Generation...
Cleanup...
Unable to add item 'ENABLE_BATT_LVL' to 'PSoC4'. 'A file of the given name already exists. Please enter a valid name.'
Unable to add item 'ENABLE_BATT_LVL' to 'PSoC4'. 'A file of the given name already exists. Please enter a valid name.'
Unable to add item 'ENABLE_BATT_LVL' to 'PSoC4'. 'A file of the given name already exists. Please enter a valid name.'
Unable to add item 'ENABLE_BATT_LVL' to 'PSoC4'. 'A file of the given name already exists. Please enter a valid name.'
Unable to add item 'ANALOG_BATT_LVL' to 'PSoC4'. 'A file of the given name already exists. Please enter a valid name.'
Unable to add item 'ANALOG_BATT_LVL' to 'PSoC4'. 'A file of the given name already exists. Please enter a valid name.'
Unable to add item 'ANALOG_BATT_LVL' to 'PSoC4'. 'A file of the given name already exists. Please enter a valid name.'
Unable to add item 'ANALOG_BATT_LVL' to 'PSoC4'. 'A file of the given name already exists. Please enter a valid name.'
--------------- Build Skipped: 01/29/2020 12:23:13 ---------------
