--------------- Clean Started: 05/03/2018 15:48:45 Project: Firmware_TFG, Configuration: ARM GCC 5.4-2016-q2-update Debug ---------------
Deleting file ".\CortexM0\ARM_GCC_541\Debug\main.o"
Deleting file ".\CortexM0\ARM_GCC_541\Debug\power.o"
Deleting file ".\CortexM0\ARM_GCC_541\Debug\I2CFunctions.o"
Deleting file ".\CortexM0\ARM_GCC_541\Debug\Mahony.o"
Deleting file ".\CortexM0\ARM_GCC_541\Debug\ism330dlc_reg.o"
Deleting file ".\CortexM0\ARM_GCC_541\Debug\cyfitter_cfg.o"
Deleting file ".\CortexM0\ARM_GCC_541\Debug\cymetadata.o"
Deleting file ".\CortexM0\ARM_GCC_541\Debug\BLE_1.o"
Deleting file ".\CortexM0\ARM_GCC_541\Debug\BLE_1_gatt.o"
Deleting file ".\CortexM0\ARM_GCC_541\Debug\BLE_1_eventHandler.o"
Deleting file ".\CortexM0\ARM_GCC_541\Debug\BLE_1_HAL_INT.o"
Deleting file ".\CortexM0\ARM_GCC_541\Debug\BLE_1_HAL_PVT.o"
Deleting file ".\CortexM0\ARM_GCC_541\Debug\BLE_1_custom.o"
Deleting file ".\CortexM0\ARM_GCC_541\Debug\BLE_1_bless_isr.o"
Deleting file ".\CortexM0\ARM_GCC_541\Debug\Cm0Start.o"
Deleting file ".\CortexM0\ARM_GCC_541\Debug\CyFlash.o"
Deleting file ".\CortexM0\ARM_GCC_541\Debug\CyLib.o"
Deleting file ".\CortexM0\ARM_GCC_541\Debug\cyPm.o"
Deleting file ".\CortexM0\ARM_GCC_541\Debug\cyutils.o"
Deleting file ".\CortexM0\ARM_GCC_541\Debug\CyBootAsmGnu.o"
Deleting file ".\CortexM0\ARM_GCC_541\Debug\CyDMA.o"
Deleting file ".\CortexM0\ARM_GCC_541\Debug\CyLFClk.o"
Deleting file ".\CortexM0\ARM_GCC_541\Debug\ADC.o"
Deleting file ".\CortexM0\ARM_GCC_541\Debug\ADC_PM.o"
Deleting file ".\CortexM0\ARM_GCC_541\Debug\ADC_INT.o"
Deleting file ".\CortexM0\ARM_GCC_541\Debug\ADC_IRQ.o"
Deleting file ".\CortexM0\ARM_GCC_541\Debug\ADC_intClock.o"
Deleting file ".\CortexM0\ARM_GCC_541\Debug\FSR0.o"
Deleting file ".\CortexM0\ARM_GCC_541\Debug\FSR0_PM.o"
Deleting file ".\CortexM0\ARM_GCC_541\Debug\FSR1.o"
Deleting file ".\CortexM0\ARM_GCC_541\Debug\FSR1_PM.o"
Deleting file ".\CortexM0\ARM_GCC_541\Debug\FSR2.o"
Deleting file ".\CortexM0\ARM_GCC_541\Debug\FSR2_PM.o"
Deleting file ".\CortexM0\ARM_GCC_541\Debug\FSR3.o"
Deleting file ".\CortexM0\ARM_GCC_541\Debug\FSR3_PM.o"
Deleting file ".\CortexM0\ARM_GCC_541\Debug\FSR4.o"
Deleting file ".\CortexM0\ARM_GCC_541\Debug\FSR4_PM.o"
Deleting file ".\CortexM0\ARM_GCC_541\Debug\FSR5.o"
Deleting file ".\CortexM0\ARM_GCC_541\Debug\FSR5_PM.o"
Deleting file ".\CortexM0\ARM_GCC_541\Debug\FSR6.o"
Deleting file ".\CortexM0\ARM_GCC_541\Debug\FSR6_PM.o"
Deleting file ".\CortexM0\ARM_GCC_541\Debug\FSR7.o"
Deleting file ".\CortexM0\ARM_GCC_541\Debug\FSR7_PM.o"
Deleting file ".\CortexM0\ARM_GCC_541\Debug\FSR8.o"
Deleting file ".\CortexM0\ARM_GCC_541\Debug\FSR8_PM.o"
Deleting file ".\CortexM0\ARM_GCC_541\Debug\FSR9.o"
Deleting file ".\CortexM0\ARM_GCC_541\Debug\FSR9_PM.o"
Deleting file ".\CortexM0\ARM_GCC_541\Debug\AMuxSeq.o"
Deleting file ".\CortexM0\ARM_GCC_541\Debug\VCC.o"
Deleting file ".\CortexM0\ARM_GCC_541\Debug\VCC_PM.o"
Deleting file ".\CortexM0\ARM_GCC_541\Debug\I2C.o"
Deleting file ".\CortexM0\ARM_GCC_541\Debug\I2C_I2C_INT.o"
Deleting file ".\CortexM0\ARM_GCC_541\Debug\I2C_I2C.o"
Deleting file ".\CortexM0\ARM_GCC_541\Debug\I2C_I2C_BOOT.o"
Deleting file ".\CortexM0\ARM_GCC_541\Debug\I2C_I2C_MASTER.o"
Deleting file ".\CortexM0\ARM_GCC_541\Debug\I2C_PM.o"
Deleting file ".\CortexM0\ARM_GCC_541\Debug\I2C_BOOT.o"
Deleting file ".\CortexM0\ARM_GCC_541\Debug\I2C_SCBCLK.o"
Deleting file ".\CortexM0\ARM_GCC_541\Debug\I2C_sda.o"
Deleting file ".\CortexM0\ARM_GCC_541\Debug\I2C_sda_PM.o"
Deleting file ".\CortexM0\ARM_GCC_541\Debug\I2C_scl.o"
Deleting file ".\CortexM0\ARM_GCC_541\Debug\I2C_scl_PM.o"
Deleting file ".\CortexM0\ARM_GCC_541\Debug\I2C_SCB_IRQ.o"
Deleting file ".\CortexM0\ARM_GCC_541\Debug\FSR10.o"
Deleting file ".\CortexM0\ARM_GCC_541\Debug\FSR10_PM.o"
Deleting file ".\CortexM0\ARM_GCC_541\Debug\FSR11.o"
Deleting file ".\CortexM0\ARM_GCC_541\Debug\FSR11_PM.o"
Deleting file ".\CortexM0\ARM_GCC_541\Debug\Firmware_TFG.hex"
Deleting file ".\CortexM0\ARM_GCC_541\Debug\Firmware_TFG.elf"
Deleting file ".\CortexM0\ARM_GCC_541\Debug\Firmware_TFG.map"
Deleting file ".\Firmware_TFG.cycdx"
Deleting file ".\Firmware_TFG.svd"
Deleting file ".\Firmware_TFG.rpt"
Deleting file ".\Firmware_TFG_timing.html"
Deleting file ".\CortexM0\ARM_GCC_541\Debug\.deps\SOURCE_C__ARM_GCC_GENERIC.P"
Deleting file ".\CortexM0\ARM_GCC_541\Debug\.deps\SOURCE_ASM__ARM_GCC_GENERIC.P"
--------------- Clean Succeeded: 05/03/2018 15:48:45 ---------------
