--------------- Build Started: 02/19/2019 14:10:54 Project: Firmware_TFG, Configuration: ARM GCC 5.4-2016-q2-update Debug ---------------
The code generation step is up to date.
arm-none-eabi-gcc.exe -mcpu=cortex-m0 -mthumb -I. -IGenerated_Source\PSoC4 -Wa,-alh=.\CortexM0\ARM_GCC_541\Debug/main.lst -g -D DEBUG -Wall -ffunction-sections -ffat-lto-objects -O0 -c main.c -o .\CortexM0\ARM_GCC_541\Debug\main.o
main.c: In function 'computeFSRs':
main.c:7:11: warning: unused variable 'secondFsr' [-Wunused-variable]
     int16 secondFsr;//Data from second FSR in a loop.
           ^
main.c:6:11: warning: unused variable 'firstFsr' [-Wunused-variable]
     int16 firstFsr;//Data  from first FSR in a loop.
           ^
main.c: In function 'BleCallBack':
main.c:94:12: warning: unused variable 'register_value' [-Wunused-variable]
     uint32 register_value;
            ^
main.c:93:36: warning: unused variable 'wrReqParam' [-Wunused-variable]
     CYBLE_GATTS_WRITE_REQ_PARAM_T *wrReqParam;
                                    ^
In file included from main.c:1:0:
main.c: At top level:
main.h:65:21: warning: 'data_raw_temperature' defined but not used [-Wunused-variable]
 static axis1bit16_t data_raw_temperature;
                     ^
main.h:67:16: warning: 'tx_buffer' defined but not used [-Wunused-variable]
 static uint8_t tx_buffer[TX_BUF_DIM];
                ^
arm-none-eabi-ar.exe -rs .\CortexM0\ARM_GCC_541\Debug\Firmware_TFG.a .\CortexM0\ARM_GCC_541\Debug\BLE_1.o .\CortexM0\ARM_GCC_541\Debug\BLE_1_gatt.o .\CortexM0\ARM_GCC_541\Debug\BLE_1_eventHandler.o .\CortexM0\ARM_GCC_541\Debug\BLE_1_HAL_INT.o .\CortexM0\ARM_GCC_541\Debug\BLE_1_HAL_PVT.o .\CortexM0\ARM_GCC_541\Debug\BLE_1_custom.o .\CortexM0\ARM_GCC_541\Debug\BLE_1_bless_isr.o .\CortexM0\ARM_GCC_541\Debug\CyFlash.o .\CortexM0\ARM_GCC_541\Debug\CyLib.o .\CortexM0\ARM_GCC_541\Debug\cyPm.o .\CortexM0\ARM_GCC_541\Debug\cyutils.o .\CortexM0\ARM_GCC_541\Debug\CyDMA.o .\CortexM0\ARM_GCC_541\Debug\CyLFClk.o .\CortexM0\ARM_GCC_541\Debug\ADC.o .\CortexM0\ARM_GCC_541\Debug\ADC_PM.o .\CortexM0\ARM_GCC_541\Debug\ADC_INT.o .\CortexM0\ARM_GCC_541\Debug\ADC_IRQ.o .\CortexM0\ARM_GCC_541\Debug\ADC_intClock.o .\CortexM0\ARM_GCC_541\Debug\FSR0.o .\CortexM0\ARM_GCC_541\Debug\FSR0_PM.o .\CortexM0\ARM_GCC_541\Debug\FSR1.o .\CortexM0\ARM_GCC_541\Debug\FSR1_PM.o .\CortexM0\ARM_GCC_541\Debug\FSR2.o .\CortexM0\ARM_GCC_541\Debug\FSR2_PM.o .\CortexM0\ARM_GCC_541\Debug\FSR3.o .\CortexM0\ARM_GCC_541\Debug\FSR3_PM.o .\CortexM0\ARM_GCC_541\Debug\FSR4.o .\CortexM0\ARM_GCC_541\Debug\FSR4_PM.o .\CortexM0\ARM_GCC_541\Debug\FSR5.o .\CortexM0\ARM_GCC_541\Debug\FSR5_PM.o .\CortexM0\ARM_GCC_541\Debug\FSR6.o .\CortexM0\ARM_GCC_541\Debug\FSR6_PM.o .\CortexM0\ARM_GCC_541\Debug\FSR7.o .\CortexM0\ARM_GCC_541\Debug\FSR7_PM.o .\CortexM0\ARM_GCC_541\Debug\FSR8.o .\CortexM0\ARM_GCC_541\Debug\FSR8_PM.o .\CortexM0\ARM_GCC_541\Debug\FSR9.o .\CortexM0\ARM_GCC_541\Debug\FSR9_PM.o .\CortexM0\ARM_GCC_541\Debug\AMuxSeq.o .\CortexM0\ARM_GCC_541\Debug\VCC.o .\CortexM0\ARM_GCC_541\Debug\VCC_PM.o .\CortexM0\ARM_GCC_541\Debug\I2C.o .\CortexM0\ARM_GCC_541\Debug\I2C_I2C_INT.o .\CortexM0\ARM_GCC_541\Debug\I2C_I2C.o .\CortexM0\ARM_GCC_541\Debug\I2C_I2C_BOOT.o .\CortexM0\ARM_GCC_541\Debug\I2C_I2C_MASTER.o .\CortexM0\ARM_GCC_541\Debug\I2C_PM.o .\CortexM0\ARM_GCC_541\Debug\I2C_BOOT.o .\CortexM0\ARM_GCC_541\Debug\I2C_SCBCLK.o .\CortexM0\ARM_GCC_541\Debug\I2C_sda.o .\CortexM0\ARM_GCC_541\Debug\I2C_sda_PM.o .\CortexM0\ARM_GCC_541\Debug\I2C_scl.o .\CortexM0\ARM_GCC_541\Debug\I2C_scl_PM.o .\CortexM0\ARM_GCC_541\Debug\I2C_SCB_IRQ.o .\CortexM0\ARM_GCC_541\Debug\FSR10.o .\CortexM0\ARM_GCC_541\Debug\FSR10_PM.o .\CortexM0\ARM_GCC_541\Debug\FSR11.o .\CortexM0\ARM_GCC_541\Debug\FSR11_PM.o .\CortexM0\ARM_GCC_541\Debug\cy_em_eeprom.o .\CortexM0\ARM_GCC_541\Debug\CyBootAsmGnu.o
arm-none-eabi-ar.exe: creating .\CortexM0\ARM_GCC_541\Debug\Firmware_TFG.a
arm-none-eabi-gcc.exe -Wl,--start-group -o D:\Users\Cosmin\Documents\GitHub\low_powered_BLE_MAmIoT\Firmware_TFG_Left\Firmware_TFG.cydsn\CortexM0\ARM_GCC_541\Debug\Firmware_TFG.elf .\CortexM0\ARM_GCC_541\Debug\main.o .\CortexM0\ARM_GCC_541\Debug\power.o .\CortexM0\ARM_GCC_541\Debug\I2CFunctions.o .\CortexM0\ARM_GCC_541\Debug\Mahony.o .\CortexM0\ARM_GCC_541\Debug\ism330dlc_reg.o .\CortexM0\ARM_GCC_541\Debug\cyfitter_cfg.o .\CortexM0\ARM_GCC_541\Debug\cymetadata.o .\CortexM0\ARM_GCC_541\Debug\Cm0Start.o .\CortexM0\ARM_GCC_541\Debug\Firmware_TFG.a "D:\Program Files (x86)\Cypress\PSoC Creator\4.2\PSoC Creator\psoc\content\CyComponentLibrary\CyComponentLibrary.cylib\BLE_v3_30\Library\gccCyBLEStack_BLE_SOC_PERIPHERAL.a" -mcpu=cortex-m0 -mthumb -l m -L Generated_Source\PSoC4 -Wl,-Map,.\CortexM0\ARM_GCC_541\Debug/Firmware_TFG.map -T Generated_Source\PSoC4\cm0gcc.ld -specs=nano.specs -Wl,--gc-sections -g -ffunction-sections -O0 -ffat-lto-objects -Wl,--end-group
cyelftool.exe -C D:\Users\Cosmin\Documents\GitHub\low_powered_BLE_MAmIoT\Firmware_TFG_Left\Firmware_TFG.cydsn\CortexM0\ARM_GCC_541\Debug\Firmware_TFG.elf --flash_row_size 256 --flash_size 262144 --flash_offset 0x00000000
No ELF section .cychecksum found, creating one
Application checksum calculated and stored in ELF section .cychecksum
Checksum calculated and stored in ELF section .cymeta
cyelftool.exe -S D:\Users\Cosmin\Documents\GitHub\low_powered_BLE_MAmIoT\Firmware_TFG_Left\Firmware_TFG.cydsn\CortexM0\ARM_GCC_541\Debug\Firmware_TFG.elf
Flash used: 108108 of 262144 bytes (41,2 %).
SRAM used: 12152 of 32768 bytes (37,1 %). Stack: 2048 bytes. Heap: 128 bytes.
--------------- Build Succeeded: 02/19/2019 14:10:56 ---------------
